2025-01-14 21:07:10,474 - INFO - Starting EDA for customer purchasing behavior.
2025-01-14 21:07:10,480 - INFO - Loading dataset...
2025-01-14 21:07:10,483 - ERROR - Error loading dataset: name 'eda' is not defined
2025-01-14 21:07:10,486 - INFO - Starting data cleaning process...
2025-01-14 21:07:10,492 - ERROR - Error during data cleaning: name 'eda' is not defined
2025-01-14 21:07:10,495 - INFO - Visualizing data...
2025-01-14 21:07:10,498 - ERROR - Error during visualization: name 'eda' is not defined
2025-01-14 21:07:10,500 - INFO - EDA completed successfully.
2025-01-14 21:11:11,394 - INFO - Starting EDA for customer purchasing behavior.
2025-01-14 21:11:11,396 - INFO - Loading dataset...
2025-01-14 21:11:11,398 - ERROR - Error loading dataset: name 'eda' is not defined
2025-01-14 21:11:11,400 - INFO - Starting data cleaning process...
2025-01-14 21:11:11,401 - ERROR - Error during data cleaning: name 'eda' is not defined
2025-01-14 21:11:11,404 - INFO - Visualizing data...
2025-01-14 21:11:11,405 - ERROR - Error during visualization: name 'eda' is not defined
2025-01-14 21:11:11,408 - INFO - EDA completed successfully.
2025-01-14 21:11:13,786 - INFO - Starting EDA for customer purchasing behavior.
2025-01-14 21:11:13,790 - INFO - Loading dataset...
2025-01-14 21:11:13,792 - ERROR - Error loading dataset: name 'eda' is not defined
2025-01-14 21:11:13,796 - INFO - Starting data cleaning process...
2025-01-14 21:11:13,797 - ERROR - Error during data cleaning: name 'eda' is not defined
2025-01-14 21:11:13,799 - INFO - Visualizing data...
2025-01-14 21:11:13,801 - ERROR - Error during visualization: name 'eda' is not defined
2025-01-14 21:11:13,803 - INFO - EDA completed successfully.
2025-01-14 21:11:49,693 - INFO - Starting EDA for customer purchasing behavior.
2025-01-14 21:11:49,696 - INFO - Loading dataset...
2025-01-14 21:11:49,698 - INFO - Loading data...
2025-01-14 21:11:49,703 - ERROR - Error loading data from /content/drive/MyDrive/KIFIYA Projects/Rossmann-Pharmaceuticals/data/train.csv: [Errno 2] No such file or directory: '/content/drive/MyDrive/KIFIYA Projects/Rossmann-Pharmaceuticals/data/train.csv'
2025-01-14 21:11:49,707 - INFO - Loading data...
2025-01-14 21:11:49,713 - ERROR - Error loading data from /content/drive/MyDrive/KIFIYA Projects/Rossmann-Pharmaceuticals/data/store.csv: [Errno 2] No such file or directory: '/content/drive/MyDrive/KIFIYA Projects/Rossmann-Pharmaceuticals/data/store.csv'
2025-01-14 21:11:49,715 - INFO - Loading data...
2025-01-14 21:11:49,717 - ERROR - Error loading data from /content/drive/MyDrive/KIFIYA Projects/Rossmann-Pharmaceuticals/data/sample_submission.csv: [Errno 2] No such file or directory: '/content/drive/MyDrive/KIFIYA Projects/Rossmann-Pharmaceuticals/data/sample_submission.csv'
2025-01-14 21:11:49,720 - INFO - Loading data...
2025-01-14 21:11:49,723 - ERROR - Error loading data from /content/drive/MyDrive/KIFIYA Projects/Rossmann-Pharmaceuticals/data/test.csv: [Errno 2] No such file or directory: '/content/drive/MyDrive/KIFIYA Projects/Rossmann-Pharmaceuticals/data/test.csv'
2025-01-14 21:11:49,725 - INFO - Dataset loaded successfully.
2025-01-14 21:11:49,729 - INFO - Starting data cleaning process...
2025-01-14 21:11:49,731 - INFO - Cleaning data...
2025-01-14 21:11:49,733 - ERROR - Error during data cleaning: 'NoneType' object has no attribute 'columns'
2025-01-14 21:11:49,735 - INFO - Visualizing data...
2025-01-14 21:11:49,736 - ERROR - Error during visualization: name 'cleaned_train_data' is not defined
2025-01-14 21:11:49,738 - INFO - EDA completed successfully.
2025-01-14 21:13:37,362 - INFO - Starting EDA for customer purchasing behavior.
2025-01-14 21:13:37,367 - INFO - Loading dataset...
2025-01-14 21:13:37,369 - INFO - Loading data...
2025-01-14 21:13:39,176 - INFO - Data loaded successfully from ../data/train.csv
2025-01-14 21:13:39,178 - INFO - Loading data...
2025-01-14 21:13:39,187 - INFO - Data loaded successfully from ../data/store.csv
2025-01-14 21:13:39,188 - INFO - Loading data...
2025-01-14 21:13:39,213 - INFO - Data loaded successfully from ../data/sample_submission.csv
2025-01-14 21:13:39,215 - INFO - Loading data...
2025-01-14 21:13:39,283 - INFO - Data loaded successfully from ../data/test.csv
2025-01-14 21:13:39,285 - INFO - Dataset loaded successfully.
2025-01-14 21:13:39,287 - INFO - Starting data cleaning process...
2025-01-14 21:13:39,289 - INFO - Cleaning data...
2025-01-14 21:13:39,319 - INFO - Data cleaning completed.
2025-01-14 21:13:39,321 - INFO - Cleaning data...
2025-01-14 21:13:40,115 - INFO - Data cleaning completed.
2025-01-14 21:13:40,118 - INFO - Cleaning data...
2025-01-14 21:13:40,167 - INFO - Data cleaning completed.
2025-01-14 21:13:40,170 - INFO - Cleaning data...
2025-01-14 21:13:40,178 - INFO - Data cleaning completed.
2025-01-14 21:13:40,180 - INFO - Data cleaning completed successfully.
2025-01-14 21:13:40,182 - INFO - Visualizing data...
2025-01-14 21:13:40,184 - INFO - Plotting promotion distribution...
2025-01-14 21:13:40,821 - INFO - Promotion distribution plotted.
2025-01-14 21:13:40,823 - INFO - Analyzing holiday effects on sales...
2025-01-14 21:13:46,957 - INFO - Holiday analysis completed.
2025-01-14 21:13:46,959 - INFO - Analyzing seasonal effects with holidays...
2025-01-14 21:13:48,767 - INFO - Seasonal analysis with holidays completed.
2025-01-14 21:13:48,769 - INFO - Analyzing customer behavior...
2025-01-14 21:13:53,906 - INFO - Customer behavior analysis completed.
2025-01-14 21:13:53,913 - INFO - Analyzing promotions...
2025-01-14 21:13:54,048 - INFO - Using categorical units to plot a list of strings that are all parsable as floats or dates. If these strings should be plotted as numbers, cast to the appropriate data type before plotting.
2025-01-14 21:13:54,066 - INFO - Using categorical units to plot a list of strings that are all parsable as floats or dates. If these strings should be plotted as numbers, cast to the appropriate data type before plotting.
2025-01-14 21:13:54,154 - INFO - Using categorical units to plot a list of strings that are all parsable as floats or dates. If these strings should be plotted as numbers, cast to the appropriate data type before plotting.
2025-01-14 21:13:54,173 - INFO - Using categorical units to plot a list of strings that are all parsable as floats or dates. If these strings should be plotted as numbers, cast to the appropriate data type before plotting.
2025-01-14 21:13:54,857 - INFO - Total Sales without Promo: 2771974337
2025-01-14 21:13:54,860 - INFO - Total Sales with Promo: 3101206286
2025-01-14 21:13:54,860 - INFO - Analyzing promo effectiveness by store type...
2025-01-14 21:13:56,170 - INFO - Promo effectiveness analysis completed.
2025-01-14 21:13:56,215 - INFO - Analyzing trends during store opening and closing times...
2025-01-14 21:13:56,338 - INFO - Using categorical units to plot a list of strings that are all parsable as floats or dates. If these strings should be plotted as numbers, cast to the appropriate data type before plotting.
2025-01-14 21:13:56,358 - INFO - Using categorical units to plot a list of strings that are all parsable as floats or dates. If these strings should be plotted as numbers, cast to the appropriate data type before plotting.
2025-01-14 21:13:56,727 - INFO - Analyzing impact of store openings on sales...
2025-01-14 21:13:57,050 - INFO - Using categorical units to plot a list of strings that are all parsable as floats or dates. If these strings should be plotted as numbers, cast to the appropriate data type before plotting.
2025-01-14 21:13:57,074 - INFO - Using categorical units to plot a list of strings that are all parsable as floats or dates. If these strings should be plotted as numbers, cast to the appropriate data type before plotting.
2025-01-14 21:14:14,009 - INFO - Store opening impact analysis completed.
2025-01-14 21:14:14,014 - INFO - Analyzing stores open on all weekdays and their sales...
2025-01-14 21:14:14,587 - INFO - Using categorical units to plot a list of strings that are all parsable as floats or dates. If these strings should be plotted as numbers, cast to the appropriate data type before plotting.
2025-01-14 21:14:14,608 - INFO - Using categorical units to plot a list of strings that are all parsable as floats or dates. If these strings should be plotted as numbers, cast to the appropriate data type before plotting.
2025-01-14 21:14:15,718 - INFO - Using categorical units to plot a list of strings that are all parsable as floats or dates. If these strings should be plotted as numbers, cast to the appropriate data type before plotting.
2025-01-14 21:14:15,754 - INFO - Using categorical units to plot a list of strings that are all parsable as floats or dates. If these strings should be plotted as numbers, cast to the appropriate data type before plotting.
2025-01-14 21:14:16,624 - INFO - Analysis on weekday and sales completed.
2025-01-14 21:14:18,540 - INFO - Analyzing trends during store opening and closing times completed.
2025-01-14 21:14:18,601 - INFO - Analyzing the distance to the next competitor affects sales...
2025-01-14 21:14:43,049 - INFO - Analyzing the distance to the next competitor affects sales completed.
2025-01-14 21:14:43,082 - INFO - Analyzing the opening or reopening of new competitors...
2025-01-14 21:14:43,846 - INFO - Visualization completed successfully.
2025-01-14 21:14:43,849 - INFO - EDA completed successfully.
